<?xml version="1.0" encoding="UTF-8" ?>
<testsuite failures="0" time="0.001" errors="0" skipped="0" tests="1" name="fr.epsi.gl.quizz.web.resource.question.NouvelleQuestionRessourceTest">
  <properties>
    <property name="java.runtime.name" value="OpenJDK Runtime Environment"/>
    <property name="sun.boot.library.path" value="/usr/lib/jvm/java-6-openjdk/jre/lib/i386"/>
    <property name="java.vm.version" value="20.0-b12"/>
    <property name="java.vm.vendor" value="Sun Microsystems Inc."/>
    <property name="java.vendor.url" value="http://java.sun.com/"/>
    <property name="path.separator" value=":"/>
    <property name="java.vm.name" value="OpenJDK Client VM"/>
    <property name="file.encoding.pkg" value="sun.io"/>
    <property name="user.country" value="US"/>
    <property name="sun.java.launcher" value="SUN_STANDARD"/>
    <property name="sun.os.patch.level" value="unknown"/>
    <property name="java.vm.specification.name" value="Java Virtual Machine Specification"/>
    <property name="user.dir" value="/home/user/workspace/quizz"/>
    <property name="java.runtime.version" value="1.6.0_27-b27"/>
    <property name="java.awt.graphicsenv" value="sun.awt.X11GraphicsEnvironment"/>
    <property name="basedir" value="/home/user/workspace/quizz"/>
    <property name="java.endorsed.dirs" value="/usr/lib/jvm/java-6-openjdk/jre/lib/endorsed"/>
    <property name="os.arch" value="i386"/>
    <property name="surefire.real.class.path" value="/home/user/workspace/quizz/target/surefire/surefirebooter9036526711655086282.jar"/>
    <property name="java.io.tmpdir" value="/tmp"/>
    <property name="line.separator" value="
"/>
    <property name="java.vm.specification.vendor" value="Sun Microsystems Inc."/>
    <property name="os.name" value="Linux"/>
    <property name="sun.jnu.encoding" value="UTF-8"/>
    <property name="java.library.path" value="/usr/lib/jvm/java-6-openjdk/jre/lib/i386/client:/usr/lib/jvm/java-6-openjdk/jre/lib/i386:/usr/lib/jvm/java-6-openjdk/jre/../lib/i386:/usr/lib/jvm/java-6-openjdk/jre/lib/i386/client:/usr/lib/jvm/java-6-openjdk/jre/lib/i386::/usr/java/packages/lib/i386:/usr/lib/jni:/lib:/usr/lib"/>
    <property name="surefire.test.class.path" value="/home/user/workspace/quizz/target/test-classes:/home/user/workspace/quizz/target/classes:/home/user/.m2/repository/org/jongo/jongo/0.4/jongo-0.4.jar:/home/user/.m2/repository/com/fasterxml/jackson/core/jackson-core/2.1.4/jackson-core-2.1.4.jar:/home/user/.m2/repository/com/fasterxml/jackson/core/jackson-databind/2.1.4/jackson-databind-2.1.4.jar:/home/user/.m2/repository/com/fasterxml/jackson/core/jackson-annotations/2.1.4/jackson-annotations-2.1.4.jar:/home/user/.m2/repository/de/undercouch/bson4jackson/2.1.1/bson4jackson-2.1.1.jar:/home/user/.m2/repository/org/reflections/reflections/0.9.9-RC1/reflections-0.9.9-RC1.jar:/home/user/.m2/repository/org/javassist/javassist/3.16.1-GA/javassist-3.16.1-GA.jar:/home/user/.m2/repository/dom4j/dom4j/1.6.1/dom4j-1.6.1.jar:/home/user/.m2/repository/xml-apis/xml-apis/1.0.b2/xml-apis-1.0.b2.jar:/home/user/.m2/repository/com/google/guava/guava/13.0.1/guava-13.0.1.jar:/home/user/.m2/repository/junit/junit/4.11/junit-4.11.jar:/home/user/.m2/repository/org/hamcrest/hamcrest-core/1.3/hamcrest-core-1.3.jar:/home/user/.m2/repository/org/easytesting/fest-assert/1.4/fest-assert-1.4.jar:/home/user/.m2/repository/org/easytesting/fest-util/1.1.6/fest-util-1.1.6.jar:/home/user/.m2/repository/org/mockito/mockito-core/1.9.5/mockito-core-1.9.5.jar:/home/user/.m2/repository/org/objenesis/objenesis/1.0/objenesis-1.0.jar:/home/user/.m2/repository/org/restlet/jse/org.restlet/2.1.1/org.restlet-2.1.1.jar:/home/user/.m2/repository/org/thymeleaf/thymeleaf/2.0.16/thymeleaf-2.0.16.jar:/home/user/.m2/repository/ognl/ognl/3.0.5/ognl-3.0.5.jar:/home/user/.m2/repository/org/slf4j/slf4j-api/1.6.1/slf4j-api-1.6.1.jar:/home/user/.m2/repository/com/google/inject/guice/3.0/guice-3.0.jar:/home/user/.m2/repository/javax/inject/javax.inject/1/javax.inject-1.jar:/home/user/.m2/repository/aopalliance/aopalliance/1.0/aopalliance-1.0.jar:/home/user/.m2/repository/org/mongolink/mongolink/0.0.14/mongolink-0.0.14.jar:/home/user/.m2/repository/cglib/cglib/2.2/cglib-2.2.jar:/home/user/.m2/repository/asm/asm/3.1/asm-3.1.jar:/home/user/.m2/repository/joda-time/joda-time/2.1/joda-time-2.1.jar:/home/user/.m2/repository/org/joda/joda-money/0.7/joda-money-0.7.jar:/home/user/.m2/repository/ch/qos/logback/logback-classic/1.0.9/logback-classic-1.0.9.jar:/home/user/.m2/repository/ch/qos/logback/logback-core/1.0.9/logback-core-1.0.9.jar:/home/user/.m2/repository/org/mongodb/mongo-java-driver/2.10.1/mongo-java-driver-2.10.1.jar:/home/user/.m2/repository/commons-lang/commons-lang/2.4/commons-lang-2.4.jar:/home/user/.m2/repository/org/mongolink/mongolink-testtools/0.0.14/mongolink-testtools-0.0.14.jar:/home/user/.m2/repository/com/foursquare/fongo/1.0.4/fongo-1.0.4.jar:/home/user/.m2/repository/org/projectlombok/lombok/0.11.8/lombok-0.11.8.jar:"/>
    <property name="java.specification.name" value="Java Platform API Specification"/>
    <property name="java.class.version" value="50.0"/>
    <property name="sun.management.compiler" value="HotSpot Client Compiler"/>
    <property name="os.version" value="3.0.0-32-generic"/>
    <property name="user.home" value="/home/user"/>
    <property name="user.timezone" value="America/Los_Angeles"/>
    <property name="java.awt.printerjob" value="sun.print.PSPrinterJob"/>
    <property name="file.encoding" value="UTF-8"/>
    <property name="java.specification.version" value="1.6"/>
    <property name="user.name" value="user"/>
    <property name="java.class.path" value="/home/user/workspace/quizz/target/test-classes:/home/user/workspace/quizz/target/classes:/home/user/.m2/repository/org/jongo/jongo/0.4/jongo-0.4.jar:/home/user/.m2/repository/com/fasterxml/jackson/core/jackson-core/2.1.4/jackson-core-2.1.4.jar:/home/user/.m2/repository/com/fasterxml/jackson/core/jackson-databind/2.1.4/jackson-databind-2.1.4.jar:/home/user/.m2/repository/com/fasterxml/jackson/core/jackson-annotations/2.1.4/jackson-annotations-2.1.4.jar:/home/user/.m2/repository/de/undercouch/bson4jackson/2.1.1/bson4jackson-2.1.1.jar:/home/user/.m2/repository/org/reflections/reflections/0.9.9-RC1/reflections-0.9.9-RC1.jar:/home/user/.m2/repository/org/javassist/javassist/3.16.1-GA/javassist-3.16.1-GA.jar:/home/user/.m2/repository/dom4j/dom4j/1.6.1/dom4j-1.6.1.jar:/home/user/.m2/repository/xml-apis/xml-apis/1.0.b2/xml-apis-1.0.b2.jar:/home/user/.m2/repository/com/google/guava/guava/13.0.1/guava-13.0.1.jar:/home/user/.m2/repository/junit/junit/4.11/junit-4.11.jar:/home/user/.m2/repository/org/hamcrest/hamcrest-core/1.3/hamcrest-core-1.3.jar:/home/user/.m2/repository/org/easytesting/fest-assert/1.4/fest-assert-1.4.jar:/home/user/.m2/repository/org/easytesting/fest-util/1.1.6/fest-util-1.1.6.jar:/home/user/.m2/repository/org/mockito/mockito-core/1.9.5/mockito-core-1.9.5.jar:/home/user/.m2/repository/org/objenesis/objenesis/1.0/objenesis-1.0.jar:/home/user/.m2/repository/org/restlet/jse/org.restlet/2.1.1/org.restlet-2.1.1.jar:/home/user/.m2/repository/org/thymeleaf/thymeleaf/2.0.16/thymeleaf-2.0.16.jar:/home/user/.m2/repository/ognl/ognl/3.0.5/ognl-3.0.5.jar:/home/user/.m2/repository/org/slf4j/slf4j-api/1.6.1/slf4j-api-1.6.1.jar:/home/user/.m2/repository/com/google/inject/guice/3.0/guice-3.0.jar:/home/user/.m2/repository/javax/inject/javax.inject/1/javax.inject-1.jar:/home/user/.m2/repository/aopalliance/aopalliance/1.0/aopalliance-1.0.jar:/home/user/.m2/repository/org/mongolink/mongolink/0.0.14/mongolink-0.0.14.jar:/home/user/.m2/repository/cglib/cglib/2.2/cglib-2.2.jar:/home/user/.m2/repository/asm/asm/3.1/asm-3.1.jar:/home/user/.m2/repository/joda-time/joda-time/2.1/joda-time-2.1.jar:/home/user/.m2/repository/org/joda/joda-money/0.7/joda-money-0.7.jar:/home/user/.m2/repository/ch/qos/logback/logback-classic/1.0.9/logback-classic-1.0.9.jar:/home/user/.m2/repository/ch/qos/logback/logback-core/1.0.9/logback-core-1.0.9.jar:/home/user/.m2/repository/org/mongodb/mongo-java-driver/2.10.1/mongo-java-driver-2.10.1.jar:/home/user/.m2/repository/commons-lang/commons-lang/2.4/commons-lang-2.4.jar:/home/user/.m2/repository/org/mongolink/mongolink-testtools/0.0.14/mongolink-testtools-0.0.14.jar:/home/user/.m2/repository/com/foursquare/fongo/1.0.4/fongo-1.0.4.jar:/home/user/.m2/repository/org/projectlombok/lombok/0.11.8/lombok-0.11.8.jar:"/>
    <property name="java.vm.specification.version" value="1.0"/>
    <property name="sun.arch.data.model" value="32"/>
    <property name="java.home" value="/usr/lib/jvm/java-6-openjdk/jre"/>
    <property name="sun.java.command" value="/home/user/workspace/quizz/target/surefire/surefirebooter9036526711655086282.jar /home/user/workspace/quizz/target/surefire/surefire8247131787051718465tmp /home/user/workspace/quizz/target/surefire/surefire1241697940474223322tmp"/>
    <property name="java.specification.vendor" value="Sun Microsystems Inc."/>
    <property name="user.language" value="en"/>
    <property name="java.vm.info" value="mixed mode, sharing"/>
    <property name="java.version" value="1.6.0_27"/>
    <property name="java.ext.dirs" value="/usr/lib/jvm/java-6-openjdk/jre/lib/ext:/usr/java/packages/lib/ext"/>
    <property name="sun.boot.class.path" value="/usr/lib/jvm/java-6-openjdk/jre/lib/resources.jar:/usr/lib/jvm/java-6-openjdk/jre/lib/rt.jar:/usr/lib/jvm/java-6-openjdk/jre/lib/sunrsasign.jar:/usr/lib/jvm/java-6-openjdk/jre/lib/jsse.jar:/usr/lib/jvm/java-6-openjdk/jre/lib/jce.jar:/usr/lib/jvm/java-6-openjdk/jre/lib/charsets.jar:/usr/lib/jvm/java-6-openjdk/jre/lib/netx.jar:/usr/lib/jvm/java-6-openjdk/jre/lib/plugin.jar:/usr/lib/jvm/java-6-openjdk/jre/lib/rhino.jar:/usr/lib/jvm/java-6-openjdk/jre/lib/modules/jdk.boot.jar:/usr/lib/jvm/java-6-openjdk/jre/classes"/>
    <property name="java.vendor" value="Sun Microsystems Inc."/>
    <property name="localRepository" value="/home/user/.m2/repository"/>
    <property name="file.separator" value="/"/>
    <property name="java.vendor.url.bug" value="http://java.sun.com/cgi-bin/bugreport.cgi"/>
    <property name="sun.cpu.endian" value="little"/>
    <property name="sun.io.unicode.encoding" value="UnicodeLittle"/>
    <property name="sun.desktop" value="gnome"/>
    <property name="sun.cpu.isalist" value=""/>
  </properties>
  <testcase time="0" classname="fr.epsi.gl.quizz.web.resource.question.NouvelleQuestionRessourceTest" name="peutAfficherLeFormulaire"/>
</testsuite>